[2018-01-30 14:02:20] local.ERROR: exception 'PDOException' with message 'SQLSTATE[HY000] [1045] Access denied for user 'homestead'@'localhost' (using password: YES)' in C:\phpstudy files\WWW\laravel-demo1\vendor\laravel\framework\src\Illuminate\Database\Connectors\Connector.php:47
Stack trace:
#0 C:\phpstudy files\WWW\laravel-demo1\vendor\laravel\framework\src\Illuminate\Database\Connectors\Connector.php(47): PDO->__construct('mysql:host=loca...', 'homestead', 'secret', Array)
#1 C:\phpstudy files\WWW\laravel-demo1\vendor\laravel\framework\src\Illuminate\Database\Connectors\MySqlConnector.php(20): Illuminate\Database\Connectors\Connector->createConnection('mysql:host=loca...', Array, Array)
#2 C:\phpstudy files\WWW\laravel-demo1\vendor\compiled.php(10673): Illuminate\Database\Connectors\MySqlConnector->connect(Array)
#3 C:\phpstudy files\WWW\laravel-demo1\vendor\compiled.php(10669): Illuminate\Database\Connectors\ConnectionFactory->createSingleConnection(Array)
#4 C:\phpstudy files\WWW\laravel-demo1\vendor\compiled.php(10587): Illuminate\Database\Connectors\ConnectionFactory->make(Array, 'mysql')
#5 C:\phpstudy files\WWW\laravel-demo1\vendor\compiled.php(10542): Illuminate\Database\DatabaseManager->makeConnection('mysql')
#6 C:\phpstudy files\WWW\laravel-demo1\vendor\compiled.php(10636): Illuminate\Database\DatabaseManager->connection()
#7 C:\phpstudy files\WWW\laravel-demo1\vendor\compiled.php(5301): Illuminate\Database\DatabaseManager->__call('table', Array)
#8 C:\phpstudy files\WWW\laravel-demo1\vendor\compiled.php(5301): Illuminate\Database\DatabaseManager->table('users')
#9 C:\phpstudy files\WWW\laravel-demo1\database\seeds\UserTableSeeder.php(15): Illuminate\Support\Facades\Facade::__callStatic('table', Array)
#10 C:\phpstudy files\WWW\laravel-demo1\database\seeds\UserTableSeeder.php(15): Illuminate\Support\Facades\DB::table('users')
#11 C:\phpstudy files\WWW\laravel-demo1\vendor\laravel\framework\src\Illuminate\Database\Seeder.php(37): UserTableSeeder->run()
#12 C:\phpstudy files\WWW\laravel-demo1\database\seeds\DatabaseSeeder.php(17): Illuminate\Database\Seeder->call('UserTableSeeder')
#13 C:\phpstudy files\WWW\laravel-demo1\vendor\laravel\framework\src\Illuminate\Database\Console\SeedCommand.php(57): DatabaseSeeder->run()
#14 [internal function]: Illuminate\Database\Console\SeedCommand->fire()
#15 C:\phpstudy files\WWW\laravel-demo1\vendor\compiled.php(925): call_user_func_array(Array, Array)
#16 C:\phpstudy files\WWW\laravel-demo1\vendor\laravel\framework\src\Illuminate\Console\Command.php(115): Illuminate\Container\Container->call(Array)
#17 C:\phpstudy files\WWW\laravel-demo1\vendor\symfony\console\Symfony\Component\Console\Command\Command.php(253): Illuminate\Console\Command->execute(Object(Symfony\Component\Console\Input\ArgvInput), Object(Symfony\Component\Console\Output\ConsoleOutput))
#18 C:\phpstudy files\WWW\laravel-demo1\vendor\laravel\framework\src\Illuminate\Console\Command.php(101): Symfony\Component\Console\Command\Command->run(Object(Symfony\Component\Console\Input\ArgvInput), Object(Symfony\Component\Console\Output\ConsoleOutput))
#19 C:\phpstudy files\WWW\laravel-demo1\vendor\symfony\console\Symfony\Component\Console\Application.php(874): Illuminate\Console\Command->run(Object(Symfony\Component\Console\Input\ArgvInput), Object(Symfony\Component\Console\Output\ConsoleOutput))
#20 C:\phpstudy files\WWW\laravel-demo1\vendor\symfony\console\Symfony\Component\Console\Application.php(195): Symfony\Component\Console\Application->doRunCommand(Object(Illuminate\Database\Console\SeedCommand), Object(Symfony\Component\Console\Input\ArgvInput), Object(Symfony\Component\Console\Output\ConsoleOutput))
#21 C:\phpstudy files\WWW\laravel-demo1\vendor\symfony\console\Symfony\Component\Console\Application.php(126): Symfony\Component\Console\Application->doRun(Object(Symfony\Component\Console\Input\ArgvInput), Object(Symfony\Component\Console\Output\ConsoleOutput))
#22 C:\phpstudy files\WWW\laravel-demo1\vendor\laravel\framework\src\Illuminate\Foundation\Console\Kernel.php(90): Symfony\Component\Console\Application->run(Object(Symfony\Component\Console\Input\ArgvInput), Object(Symfony\Component\Console\Output\ConsoleOutput))
#23 C:\phpstudy files\WWW\laravel-demo1\artisan(36): Illuminate\Foundation\Console\Kernel->handle(Object(Symfony\Component\Console\Input\ArgvInput), Object(Symfony\Component\Console\Output\ConsoleOutput))
#24 {main}  
[2018-01-30 14:02:51] local.ERROR: exception 'PDOException' with message 'SQLSTATE[42S02]: Base table or view not found: 1146 Table 'laravel_demo1.users' doesn't exist' in C:\phpstudy files\WWW\laravel-demo1\vendor\laravel\framework\src\Illuminate\Database\Connection.php:378
Stack trace:
#0 C:\phpstudy files\WWW\laravel-demo1\vendor\laravel\framework\src\Illuminate\Database\Connection.php(378): PDO->prepare('delete from `us...')
#1 C:\phpstudy files\WWW\laravel-demo1\vendor\laravel\framework\src\Illuminate\Database\Connection.php(612): Illuminate\Database\Connection->Illuminate\Database\{closure}(Object(Illuminate\Database\MySqlConnection), 'delete from `us...', Array)
#2 C:\phpstudy files\WWW\laravel-demo1\vendor\laravel\framework\src\Illuminate\Database\Connection.php(576): Illuminate\Database\Connection->runQueryCallback('delete from `us...', Array, Object(Closure))
#3 C:\phpstudy files\WWW\laravel-demo1\vendor\laravel\framework\src\Illuminate\Database\Connection.php(383): Illuminate\Database\Connection->run('delete from `us...', Array, Object(Closure))
#4 C:\phpstudy files\WWW\laravel-demo1\vendor\laravel\framework\src\Illuminate\Database\Connection.php(340): Illuminate\Database\Connection->affectingStatement('delete from `us...', Array)
#5 C:\phpstudy files\WWW\laravel-demo1\vendor\laravel\framework\src\Illuminate\Database\Query\Builder.php(1785): Illuminate\Database\Connection->delete('delete from `us...', Array)
#6 C:\phpstudy files\WWW\laravel-demo1\database\seeds\UserTableSeeder.php(15): Illuminate\Database\Query\Builder->delete()
#7 C:\phpstudy files\WWW\laravel-demo1\vendor\laravel\framework\src\Illuminate\Database\Seeder.php(37): UserTableSeeder->run()
#8 C:\phpstudy files\WWW\laravel-demo1\database\seeds\DatabaseSeeder.php(17): Illuminate\Database\Seeder->call('UserTableSeeder')
#9 C:\phpstudy files\WWW\laravel-demo1\vendor\laravel\framework\src\Illuminate\Database\Console\SeedCommand.php(57): DatabaseSeeder->run()
#10 [internal function]: Illuminate\Database\Console\SeedCommand->fire()
#11 C:\phpstudy files\WWW\laravel-demo1\vendor\compiled.php(925): call_user_func_array(Array, Array)
#12 C:\phpstudy files\WWW\laravel-demo1\vendor\laravel\framework\src\Illuminate\Console\Command.php(115): Illuminate\Container\Container->call(Array)
#13 C:\phpstudy files\WWW\laravel-demo1\vendor\symfony\console\Symfony\Component\Console\Command\Command.php(253): Illuminate\Console\Command->execute(Object(Symfony\Component\Console\Input\ArgvInput), Object(Symfony\Component\Console\Output\ConsoleOutput))
#14 C:\phpstudy files\WWW\laravel-demo1\vendor\laravel\framework\src\Illuminate\Console\Command.php(101): Symfony\Component\Console\Command\Command->run(Object(Symfony\Component\Console\Input\ArgvInput), Object(Symfony\Component\Console\Output\ConsoleOutput))
#15 C:\phpstudy files\WWW\laravel-demo1\vendor\symfony\console\Symfony\Component\Console\Application.php(874): Illuminate\Console\Command->run(Object(Symfony\Component\Console\Input\ArgvInput), Object(Symfony\Component\Console\Output\ConsoleOutput))
#16 C:\phpstudy files\WWW\laravel-demo1\vendor\symfony\console\Symfony\Component\Console\Application.php(195): Symfony\Component\Console\Application->doRunCommand(Object(Illuminate\Database\Console\SeedCommand), Object(Symfony\Component\Console\Input\ArgvInput), Object(Symfony\Component\Console\Output\ConsoleOutput))
#17 C:\phpstudy files\WWW\laravel-demo1\vendor\symfony\console\Symfony\Component\Console\Application.php(126): Symfony\Component\Console\Application->doRun(Object(Symfony\Component\Console\Input\ArgvInput), Object(Symfony\Component\Console\Output\ConsoleOutput))
#18 C:\phpstudy files\WWW\laravel-demo1\vendor\laravel\framework\src\Illuminate\Foundation\Console\Kernel.php(90): Symfony\Component\Console\Application->run(Object(Symfony\Component\Console\Input\ArgvInput), Object(Symfony\Component\Console\Output\ConsoleOutput))
#19 C:\phpstudy files\WWW\laravel-demo1\artisan(36): Illuminate\Foundation\Console\Kernel->handle(Object(Symfony\Component\Console\Input\ArgvInput), Object(Symfony\Component\Console\Output\ConsoleOutput))
#20 {main}

Next exception 'Illuminate\Database\QueryException' with message 'SQLSTATE[42S02]: Base table or view not found: 1146 Table 'laravel_demo1.users' doesn't exist (SQL: delete from `users`)' in C:\phpstudy files\WWW\laravel-demo1\vendor\laravel\framework\src\Illuminate\Database\Connection.php:620
Stack trace:
#0 C:\phpstudy files\WWW\laravel-demo1\vendor\laravel\framework\src\Illuminate\Database\Connection.php(576): Illuminate\Database\Connection->runQueryCallback('delete from `us...', Array, Object(Closure))
#1 C:\phpstudy files\WWW\laravel-demo1\vendor\laravel\framework\src\Illuminate\Database\Connection.php(383): Illuminate\Database\Connection->run('delete from `us...', Array, Object(Closure))
#2 C:\phpstudy files\WWW\laravel-demo1\vendor\laravel\framework\src\Illuminate\Database\Connection.php(340): Illuminate\Database\Connection->affectingStatement('delete from `us...', Array)
#3 C:\phpstudy files\WWW\laravel-demo1\vendor\laravel\framework\src\Illuminate\Database\Query\Builder.php(1785): Illuminate\Database\Connection->delete('delete from `us...', Array)
#4 C:\phpstudy files\WWW\laravel-demo1\database\seeds\UserTableSeeder.php(15): Illuminate\Database\Query\Builder->delete()
#5 C:\phpstudy files\WWW\laravel-demo1\vendor\laravel\framework\src\Illuminate\Database\Seeder.php(37): UserTableSeeder->run()
#6 C:\phpstudy files\WWW\laravel-demo1\database\seeds\DatabaseSeeder.php(17): Illuminate\Database\Seeder->call('UserTableSeeder')
#7 C:\phpstudy files\WWW\laravel-demo1\vendor\laravel\framework\src\Illuminate\Database\Console\SeedCommand.php(57): DatabaseSeeder->run()
#8 [internal function]: Illuminate\Database\Console\SeedCommand->fire()
#9 C:\phpstudy files\WWW\laravel-demo1\vendor\compiled.php(925): call_user_func_array(Array, Array)
#10 C:\phpstudy files\WWW\laravel-demo1\vendor\laravel\framework\src\Illuminate\Console\Command.php(115): Illuminate\Container\Container->call(Array)
#11 C:\phpstudy files\WWW\laravel-demo1\vendor\symfony\console\Symfony\Component\Console\Command\Command.php(253): Illuminate\Console\Command->execute(Object(Symfony\Component\Console\Input\ArgvInput), Object(Symfony\Component\Console\Output\ConsoleOutput))
#12 C:\phpstudy files\WWW\laravel-demo1\vendor\laravel\framework\src\Illuminate\Console\Command.php(101): Symfony\Component\Console\Command\Command->run(Object(Symfony\Component\Console\Input\ArgvInput), Object(Symfony\Component\Console\Output\ConsoleOutput))
#13 C:\phpstudy files\WWW\laravel-demo1\vendor\symfony\console\Symfony\Component\Console\Application.php(874): Illuminate\Console\Command->run(Object(Symfony\Component\Console\Input\ArgvInput), Object(Symfony\Component\Console\Output\ConsoleOutput))
#14 C:\phpstudy files\WWW\laravel-demo1\vendor\symfony\console\Symfony\Component\Console\Application.php(195): Symfony\Component\Console\Application->doRunCommand(Object(Illuminate\Database\Console\SeedCommand), Object(Symfony\Component\Console\Input\ArgvInput), Object(Symfony\Component\Console\Output\ConsoleOutput))
#15 C:\phpstudy files\WWW\laravel-demo1\vendor\symfony\console\Symfony\Component\Console\Application.php(126): Symfony\Component\Console\Application->doRun(Object(Symfony\Component\Console\Input\ArgvInput), Object(Symfony\Component\Console\Output\ConsoleOutput))
#16 C:\phpstudy files\WWW\laravel-demo1\vendor\laravel\framework\src\Illuminate\Foundation\Console\Kernel.php(90): Symfony\Component\Console\Application->run(Object(Symfony\Component\Console\Input\ArgvInput), Object(Symfony\Component\Console\Output\ConsoleOutput))
#17 C:\phpstudy files\WWW\laravel-demo1\artisan(36): Illuminate\Foundation\Console\Kernel->handle(Object(Symfony\Component\Console\Input\ArgvInput), Object(Symfony\Component\Console\Output\ConsoleOutput))
#18 {main}  
[2018-01-30 14:04:30] local.ERROR: exception 'Symfony\Component\Debug\Exception\FatalErrorException' with message 'Class 'App\Grade' not found' in C:\phpstudy files\WWW\laravel-demo1\database\seeds\UserTableSeeder.php:37
Stack trace:
#0 {main}  
[2018-01-30 14:22:11] local.ERROR: exception 'InvalidArgumentException' with message 'View [errors.list] not found.' in C:\phpstudy files\WWW\laravel-demo1\vendor\compiled.php:12898
Stack trace:
#0 C:\phpstudy files\WWW\laravel-demo1\vendor\compiled.php(12871): Illuminate\View\FileViewFinder->findInPaths('errors.list', Array)
#1 C:\phpstudy files\WWW\laravel-demo1\vendor\compiled.php(12996): Illuminate\View\FileViewFinder->find('errors.list')
#2 C:\phpstudy files\WWW\laravel-demo1\storage\framework\views\38339b321d8fda1706dd2833c2b981ed(11): Illuminate\View\Factory->make('errors.list', Array)
#3 C:\phpstudy files\WWW\laravel-demo1\vendor\compiled.php(13650): include('C:\\phpstudy fil...')
#4 C:\phpstudy files\WWW\laravel-demo1\vendor\compiled.php(13683): Illuminate\View\Engines\PhpEngine->evaluatePath('C:\\phpstudy fil...', Array)
#5 C:\phpstudy files\WWW\laravel-demo1\vendor\compiled.php(13523): Illuminate\View\Engines\CompilerEngine->get('C:\\phpstudy fil...', Array)
#6 C:\phpstudy files\WWW\laravel-demo1\vendor\compiled.php(13510): Illuminate\View\View->getContents()
#7 C:\phpstudy files\WWW\laravel-demo1\vendor\compiled.php(13501): Illuminate\View\View->renderContents()
#8 C:\phpstudy files\WWW\laravel-demo1\vendor\compiled.php(14597): Illuminate\View\View->render()
#9 C:\phpstudy files\WWW\laravel-demo1\vendor\compiled.php(14126): Illuminate\Http\Response->setContent(Object(Illuminate\View\View))
#10 C:\phpstudy files\WWW\laravel-demo1\vendor\compiled.php(7154): Symfony\Component\HttpFoundation\Response->__construct(Object(Illuminate\View\View))
#11 C:\phpstudy files\WWW\laravel-demo1\vendor\compiled.php(6954): Illuminate\Routing\Router->prepareResponse(Object(Illuminate\Http\Request), Object(Illuminate\View\View))
#12 [internal function]: Illuminate\Routing\Router->Illuminate\Routing\{closure}(Object(Illuminate\Http\Request))
#13 C:\phpstudy files\WWW\laravel-demo1\vendor\compiled.php(8952): call_user_func(Object(Closure), Object(Illuminate\Http\Request))
#14 C:\phpstudy files\WWW\laravel-demo1\app\Http\Middleware\RedirectIfAuthenticated.php(47): Illuminate\Pipeline\Pipeline->Illuminate\Pipeline\{closure}(Object(Illuminate\Http\Request))
#15 C:\phpstudy files\WWW\laravel-demo1\vendor\compiled.php(8944): App\Http\Middleware\RedirectIfAuthenticated->handle(Object(Illuminate\Http\Request), Object(Closure))
#16 [internal function]: Illuminate\Pipeline\Pipeline->Illuminate\Pipeline\{closure}(Object(Illuminate\Http\Request))
#17 C:\phpstudy files\WWW\laravel-demo1\vendor\compiled.php(8935): call_user_func(Object(Closure), Object(Illuminate\Http\Request))
#18 C:\phpstudy files\WWW\laravel-demo1\vendor\compiled.php(6955): Illuminate\Pipeline\Pipeline->then(Object(Closure))
#19 C:\phpstudy files\WWW\laravel-demo1\vendor\compiled.php(6944): Illuminate\Routing\Router->runRouteWithinStack(Object(Illuminate\Routing\Route), Object(Illuminate\Http\Request))
#20 C:\phpstudy files\WWW\laravel-demo1\vendor\compiled.php(6929): Illuminate\Routing\Router->dispatchToRoute(Object(Illuminate\Http\Request))
#21 C:\phpstudy files\WWW\laravel-demo1\vendor\compiled.php(1935): Illuminate\Routing\Router->dispatch(Object(Illuminate\Http\Request))
#22 [internal function]: Illuminate\Foundation\Http\Kernel->Illuminate\Foundation\Http\{closure}(Object(Illuminate\Http\Request))
#23 C:\phpstudy files\WWW\laravel-demo1\vendor\compiled.php(8952): call_user_func(Object(Closure), Object(Illuminate\Http\Request))
#24 C:\phpstudy files\WWW\laravel-demo1\vendor\compiled.php(2438): Illuminate\Pipeline\Pipeline->Illuminate\Pipeline\{closure}(Object(Illuminate\Http\Request))
#25 C:\phpstudy files\WWW\laravel-demo1\app\Http\Middleware\VerifyCsrfToken.php(17): Illuminate\Foundation\Http\Middleware\VerifyCsrfToken->handle(Object(Illuminate\Http\Request), Object(Closure))
#26 C:\phpstudy files\WWW\laravel-demo1\vendor\compiled.php(8944): App\Http\Middleware\VerifyCsrfToken->handle(Object(Illuminate\Http\Request), Object(Closure))
#27 C:\phpstudy files\WWW\laravel-demo1\vendor\compiled.php(12083): Illuminate\Pipeline\Pipeline->Illuminate\Pipeline\{closure}(Object(Illuminate\Http\Request))
#28 C:\phpstudy files\WWW\laravel-demo1\vendor\compiled.php(8944): Illuminate\View\Middleware\ShareErrorsFromSession->handle(Object(Illuminate\Http\Request), Object(Closure))
#29 C:\phpstudy files\WWW\laravel-demo1\vendor\compiled.php(10785): Illuminate\Pipeline\Pipeline->Illuminate\Pipeline\{closure}(Object(Illuminate\Http\Request))
#30 C:\phpstudy files\WWW\laravel-demo1\vendor\compiled.php(8944): Illuminate\Session\Middleware\StartSession->handle(Object(Illuminate\Http\Request), Object(Closure))
#31 C:\phpstudy files\WWW\laravel-demo1\vendor\compiled.php(11789): Illuminate\Pipeline\Pipeline->Illuminate\Pipeline\{closure}(Object(Illuminate\Http\Request))
#32 C:\phpstudy files\WWW\laravel-demo1\vendor\compiled.php(8944): Illuminate\Cookie\Middleware\AddQueuedCookiesToResponse->handle(Object(Illuminate\Http\Request), Object(Closure))
#33 C:\phpstudy files\WWW\laravel-demo1\vendor\compiled.php(11738): Illuminate\Pipeline\Pipeline->Illuminate\Pipeline\{closure}(Object(Illuminate\Http\Request))
#34 C:\phpstudy files\WWW\laravel-demo1\vendor\compiled.php(8944): Illuminate\Cookie\Middleware\EncryptCookies->handle(Object(Illuminate\Http\Request), Object(Closure))
#35 C:\phpstudy files\WWW\laravel-demo1\vendor\compiled.php(2478): Illuminate\Pipeline\Pipeline->Illuminate\Pipeline\{closure}(Object(Illuminate\Http\Request))
#36 C:\phpstudy files\WWW\laravel-demo1\vendor\compiled.php(8944): Illuminate\Foundation\Http\Middleware\CheckForMaintenanceMode->handle(Object(Illuminate\Http\Request), Object(Closure))
#37 [internal function]: Illuminate\Pipeline\Pipeline->Illuminate\Pipeline\{closure}(Object(Illuminate\Http\Request))
#38 C:\phpstudy files\WWW\laravel-demo1\vendor\compiled.php(8935): call_user_func(Object(Closure), Object(Illuminate\Http\Request))
#39 C:\phpstudy files\WWW\laravel-demo1\vendor\compiled.php(1891): Illuminate\Pipeline\Pipeline->then(Object(Closure))
#40 C:\phpstudy files\WWW\laravel-demo1\vendor\compiled.php(1880): Illuminate\Foundation\Http\Kernel->sendRequestThroughRouter(Object(Illuminate\Http\Request))
#41 C:\phpstudy files\WWW\laravel-demo1\public\index.php(53): Illuminate\Foundation\Http\Kernel->handle(Object(Illuminate\Http\Request))
#42 {main}

Next exception 'ErrorException' with message 'View [errors.list] not found. (View: C:\phpstudy files\WWW\laravel-demo1\resources\views\login.blade.php)' in C:\phpstudy files\WWW\laravel-demo1\vendor\compiled.php:12898
Stack trace:
#0 C:\phpstudy files\WWW\laravel-demo1\vendor\compiled.php(13652): Illuminate\View\Engines\CompilerEngine->handleViewException(Object(InvalidArgumentException), 1)
#1 C:\phpstudy files\WWW\laravel-demo1\vendor\compiled.php(13683): Illuminate\View\Engines\PhpEngine->evaluatePath('C:\\phpstudy fil...', Array)
#2 C:\phpstudy files\WWW\laravel-demo1\vendor\compiled.php(13523): Illuminate\View\Engines\CompilerEngine->get('C:\\phpstudy fil...', Array)
#3 C:\phpstudy files\WWW\laravel-demo1\vendor\compiled.php(13510): Illuminate\View\View->getContents()
#4 C:\phpstudy files\WWW\laravel-demo1\vendor\compiled.php(13501): Illuminate\View\View->renderContents()
#5 C:\phpstudy files\WWW\laravel-demo1\vendor\compiled.php(14597): Illuminate\View\View->render()
#6 C:\phpstudy files\WWW\laravel-demo1\vendor\compiled.php(14126): Illuminate\Http\Response->setContent(Object(Illuminate\View\View))
#7 C:\phpstudy files\WWW\laravel-demo1\vendor\compiled.php(7154): Symfony\Component\HttpFoundation\Response->__construct(Object(Illuminate\View\View))
#8 C:\phpstudy files\WWW\laravel-demo1\vendor\compiled.php(6954): Illuminate\Routing\Router->prepareResponse(Object(Illuminate\Http\Request), Object(Illuminate\View\View))
#9 [internal function]: Illuminate\Routing\Router->Illuminate\Routing\{closure}(Object(Illuminate\Http\Request))
#10 C:\phpstudy files\WWW\laravel-demo1\vendor\compiled.php(8952): call_user_func(Object(Closure), Object(Illuminate\Http\Request))
#11 C:\phpstudy files\WWW\laravel-demo1\app\Http\Middleware\RedirectIfAuthenticated.php(47): Illuminate\Pipeline\Pipeline->Illuminate\Pipeline\{closure}(Object(Illuminate\Http\Request))
#12 C:\phpstudy files\WWW\laravel-demo1\vendor\compiled.php(8944): App\Http\Middleware\RedirectIfAuthenticated->handle(Object(Illuminate\Http\Request), Object(Closure))
#13 [internal function]: Illuminate\Pipeline\Pipeline->Illuminate\Pipeline\{closure}(Object(Illuminate\Http\Request))
#14 C:\phpstudy files\WWW\laravel-demo1\vendor\compiled.php(8935): call_user_func(Object(Closure), Object(Illuminate\Http\Request))
#15 C:\phpstudy files\WWW\laravel-demo1\vendor\compiled.php(6955): Illuminate\Pipeline\Pipeline->then(Object(Closure))
#16 C:\phpstudy files\WWW\laravel-demo1\vendor\compiled.php(6944): Illuminate\Routing\Router->runRouteWithinStack(Object(Illuminate\Routing\Route), Object(Illuminate\Http\Request))
#17 C:\phpstudy files\WWW\laravel-demo1\vendor\compiled.php(6929): Illuminate\Routing\Router->dispatchToRoute(Object(Illuminate\Http\Request))
#18 C:\phpstudy files\WWW\laravel-demo1\vendor\compiled.php(1935): Illuminate\Routing\Router->dispatch(Object(Illuminate\Http\Request))
#19 [internal function]: Illuminate\Foundation\Http\Kernel->Illuminate\Foundation\Http\{closure}(Object(Illuminate\Http\Request))
#20 C:\phpstudy files\WWW\laravel-demo1\vendor\compiled.php(8952): call_user_func(Object(Closure), Object(Illuminate\Http\Request))
#21 C:\phpstudy files\WWW\laravel-demo1\vendor\compiled.php(2438): Illuminate\Pipeline\Pipeline->Illuminate\Pipeline\{closure}(Object(Illuminate\Http\Request))
#22 C:\phpstudy files\WWW\laravel-demo1\app\Http\Middleware\VerifyCsrfToken.php(17): Illuminate\Foundation\Http\Middleware\VerifyCsrfToken->handle(Object(Illuminate\Http\Request), Object(Closure))
#23 C:\phpstudy files\WWW\laravel-demo1\vendor\compiled.php(8944): App\Http\Middleware\VerifyCsrfToken->handle(Object(Illuminate\Http\Request), Object(Closure))
#24 C:\phpstudy files\WWW\laravel-demo1\vendor\compiled.php(12083): Illuminate\Pipeline\Pipeline->Illuminate\Pipeline\{closure}(Object(Illuminate\Http\Request))
#25 C:\phpstudy files\WWW\laravel-demo1\vendor\compiled.php(8944): Illuminate\View\Middleware\ShareErrorsFromSession->handle(Object(Illuminate\Http\Request), Object(Closure))
#26 C:\phpstudy files\WWW\laravel-demo1\vendor\compiled.php(10785): Illuminate\Pipeline\Pipeline->Illuminate\Pipeline\{closure}(Object(Illuminate\Http\Request))
#27 C:\phpstudy files\WWW\laravel-demo1\vendor\compiled.php(8944): Illuminate\Session\Middleware\StartSession->handle(Object(Illuminate\Http\Request), Object(Closure))
#28 C:\phpstudy files\WWW\laravel-demo1\vendor\compiled.php(11789): Illuminate\Pipeline\Pipeline->Illuminate\Pipeline\{closure}(Object(Illuminate\Http\Request))
#29 C:\phpstudy files\WWW\laravel-demo1\vendor\compiled.php(8944): Illuminate\Cookie\Middleware\AddQueuedCookiesToResponse->handle(Object(Illuminate\Http\Request), Object(Closure))
#30 C:\phpstudy files\WWW\laravel-demo1\vendor\compiled.php(11738): Illuminate\Pipeline\Pipeline->Illuminate\Pipeline\{closure}(Object(Illuminate\Http\Request))
#31 C:\phpstudy files\WWW\laravel-demo1\vendor\compiled.php(8944): Illuminate\Cookie\Middleware\EncryptCookies->handle(Object(Illuminate\Http\Request), Object(Closure))
#32 C:\phpstudy files\WWW\laravel-demo1\vendor\compiled.php(2478): Illuminate\Pipeline\Pipeline->Illuminate\Pipeline\{closure}(Object(Illuminate\Http\Request))
#33 C:\phpstudy files\WWW\laravel-demo1\vendor\compiled.php(8944): Illuminate\Foundation\Http\Middleware\CheckForMaintenanceMode->handle(Object(Illuminate\Http\Request), Object(Closure))
#34 [internal function]: Illuminate\Pipeline\Pipeline->Illuminate\Pipeline\{closure}(Object(Illuminate\Http\Request))
#35 C:\phpstudy files\WWW\laravel-demo1\vendor\compiled.php(8935): call_user_func(Object(Closure), Object(Illuminate\Http\Request))
#36 C:\phpstudy files\WWW\laravel-demo1\vendor\compiled.php(1891): Illuminate\Pipeline\Pipeline->then(Object(Closure))
#37 C:\phpstudy files\WWW\laravel-demo1\vendor\compiled.php(1880): Illuminate\Foundation\Http\Kernel->sendRequestThroughRouter(Object(Illuminate\Http\Request))
#38 C:\phpstudy files\WWW\laravel-demo1\public\index.php(53): Illuminate\Foundation\Http\Kernel->handle(Object(Illuminate\Http\Request))
#39 {main}  
[2018-01-30 14:24:14] local.ERROR: exception 'Symfony\Component\Debug\Exception\FatalErrorException' with message 'Class 'Form' not found' in C:\phpstudy files\WWW\laravel-demo1\storage\framework\views\38339b321d8fda1706dd2833c2b981ed:12
Stack trace:
#0 {main}  
[2018-01-30 14:30:35] local.ERROR: exception 'Symfony\Component\Debug\Exception\FatalErrorException' with message 'Call to undefined method Illuminate\Foundation\Application::getCachedCompilePath()' in C:\phpstudy files\WWW\laravel-demo1\vendor\laravel\framework\src\Illuminate\Foundation\Console\ClearCompiledCommand.php:28
Stack trace:
#0 {main}  
